生成启动时间为 2018/9/14 12:44:06。
     1>项目“C:\Users\DELL\documents\visual studio 2010\Projects\PotentialModel\PotentialModel\PotentialModel.vcxproj”在节点 2 上(build 个目标)。
     1>InitializeBuildStatus:
         正在创建“Debug\PotentialModel.unsuccessfulbuild”，因为已指定“AlwaysCreate”。
       ClCompile:
         所有输出均为最新。
         C:\Program Files (x86)\Microsoft Visual Studio 10.0\VC\bin\CL.exe /c /ZI /nologo /W3 /WX- /Od /Oy- /D WIN32 /D _DEBUG /D _CONSOLE /D _UNICODE /D UNICODE /Gm /EHsc /RTC1 /MDd /GS /fp:precise /Zc:wchar_t /Zc:forScope /Yu"StdAfx.h" /Fp"Debug\PotentialModel.pch" /Fo"Debug\\" /Fd"Debug\vc100.pdb" /Gd /TP /analyze- /errorReport:prompt InputData.cpp PotentialModel.cpp TrafficModel.cpp
         TrafficModel.cpp
     1>c:\users\dell\documents\visual studio 2010\projects\potentialmodel\potentialmodel\trafficmodel.cpp(119): warning C4244: “初始化”: 从“double”转换到“float”，可能丢失数据
     1>c:\users\dell\documents\visual studio 2010\projects\potentialmodel\potentialmodel\trafficmodel.cpp(120): warning C4244: “初始化”: 从“double”转换到“float”，可能丢失数据
         正在生成代码...
         正在编译...
         PotentialModel.cpp
         InputData.cpp
     1>c:\users\dell\documents\visual studio 2010\projects\potentialmodel\potentialmodel\inputdata.cpp(24): warning C4244: “=”: 从“int”转换到“float”，可能丢失数据
     1>c:\users\dell\documents\visual studio 2010\projects\potentialmodel\potentialmodel\inputdata.cpp(32): warning C4244: “初始化”: 从“double”转换到“int”，可能丢失数据
     1>c:\users\dell\documents\visual studio 2010\projects\potentialmodel\potentialmodel\inputdata.cpp(39): warning C4244: “=”: 从“double”转换到“float”，可能丢失数据
         正在生成代码...
       ManifestResourceCompile:
         所有输出均为最新。
       Link:
         C:\Program Files (x86)\Microsoft Visual Studio 10.0\VC\bin\link.exe /ERRORREPORT:PROMPT /OUT:"C:\Users\DELL\documents\visual studio 2010\Projects\PotentialModel\Debug\PotentialModel.exe" /INCREMENTAL /NOLOGO kernel32.lib user32.lib gdi32.lib winspool.lib comdlg32.lib advapi32.lib shell32.lib ole32.lib oleaut32.lib uuid.lib odbc32.lib odbccp32.lib /MANIFEST /ManifestFile:"Debug\PotentialModel.exe.intermediate.manifest" /MANIFESTUAC:"level='asInvoker' uiAccess='false'" /DEBUG /PDB:"C:\Users\DELL\documents\visual studio 2010\Projects\PotentialModel\Debug\PotentialModel.pdb" /SUBSYSTEM:CONSOLE /TLBID:1 /DYNAMICBASE /NXCOMPAT /IMPLIB:"C:\Users\DELL\documents\visual studio 2010\Projects\PotentialModel\Debug\PotentialModel.lib" /MACHINE:X86 Debug\PotentialModel.exe.embed.manifest.res
         Debug\InputData.obj
         Debug\Matrix.obj
         Debug\PotentialModel.obj
         Debug\stdafx.obj
         Debug\TrafficModel.obj
       Manifest:
         C:\Program Files (x86)\Microsoft SDKs\Windows\v7.0A\bin\mt.exe /nologo /verbose /out:"Debug\PotentialModel.exe.embed.manifest" /manifest Debug\PotentialModel.exe.intermediate.manifest
         所有输出均为最新。
       LinkEmbedManifest:
         所有输出均为最新。
         PotentialModel.vcxproj -> C:\Users\DELL\documents\visual studio 2010\Projects\PotentialModel\Debug\PotentialModel.exe
       FinalizeBuildStatus:
         正在删除文件“Debug\PotentialModel.unsuccessfulbuild”。
         正在对“Debug\PotentialModel.lastbuildstate”执行 Touch 任务。
     1>已完成生成项目“C:\Users\DELL\documents\visual studio 2010\Projects\PotentialModel\PotentialModel\PotentialModel.vcxproj”(build 个目标)的操作。

生成成功。

已用时间 00:00:00.96
